<?xml version="1.0" encoding="UTF-8"?>
<testsuite name="guru.qa.tests.WebTest" tests="2" skipped="0" failures="0" errors="0" timestamp="2022-10-06T11:01:13" hostname="BEST-KOMP" time="16.822">
  <properties/>
  <testcase name="results of search request Черногория contains show on map Показать на карте" classname="guru.qa.tests.WebTest" time="10.97"/>
  <testcase name="results of search request Бельгия contains show on map Показать на карте" classname="guru.qa.tests.WebTest" time="5.85"/>
  <system-out><![CDATA[]]></system-out>
  <system-err><![CDATA[SLF4J: No SLF4J providers were found.
SLF4J: Defaulting to no-operation (NOP) logger implementation
SLF4J: See https://www.slf4j.org/codes.html#noProviders for further details.
Starting ChromeDriver 105.0.5195.52 (412c95e518836d8a7d97250d62b29c2ae6a26a85-refs/branch-heads/5195@{#853}) on port 56392
Only local connections are allowed.
Please see https://chromedriver.chromium.org/security-considerations for suggestions on keeping ChromeDriver safe.
ChromeDriver was started successfully.
окт. 06, 2022 4:01:16 PM org.openqa.selenium.remote.ProtocolHandshake createSession
INFO: Detected upstream dialect: W3C
окт. 06, 2022 4:01:16 PM org.openqa.selenium.devtools.CdpVersionFinder findNearestMatch
WARNING: Unable to find an exact match for CDP version 105, so returning the closest version found: 104
окт. 06, 2022 4:01:16 PM org.openqa.selenium.devtools.CdpVersionFinder findNearestMatch
INFO: Found CDP implementation for version 105 of 104
]]></system-err>
</testsuite>
